{"numFailedTestSuites":1,"numFailedTests":1,"numPassedTestSuites":1,"numPassedTests":5,"numPendingTestSuites":0,"numPendingTests":0,"numRuntimeErrorTestSuites":0,"numTodoTests":0,"numTotalTestSuites":2,"numTotalTests":6,"openHandles":[],"snapshot":{"added":0,"didUpdate":false,"failure":false,"filesAdded":0,"filesRemoved":0,"filesRemovedList":[],"filesUnmatched":0,"filesUpdated":0,"matched":0,"total":0,"unchecked":0,"uncheckedKeysByFile":[],"unmatched":0,"updated":0},"startTime":1775251528944,"success":false,"testResults":[{"assertionResults":[{"ancestorTitles":["Auth API Endpoints"],"duration":583,"failing":false,"failureDetails":[],"failureMessages":[],"fullName":"Auth API Endpoints should register a new test user successfully","invocations":1,"location":null,"numPassingAsserts":3,"retryReasons":[],"startAt":1775251530900,"status":"passed","title":"should register a new test user successfully"},{"ancestorTitles":["Auth API Endpoints"],"duration":18,"failing":false,"failureDetails":[{"matcherResult":{"actual":500,"expected":400,"message":"\u001b[2mexpect(\u001b[22m\u001b[31mreceived\u001b[39m\u001b[2m).\u001b[22mtoBe\u001b[2m(\u001b[22m\u001b[32mexpected\u001b[39m\u001b[2m) // Object.is equality\u001b[22m\n\nExpected: \u001b[32m400\u001b[39m\nReceived: \u001b[31m500\u001b[39m","name":"toBe","pass":false}}],"failureMessages":["Error: \u001b[2mexpect(\u001b[22m\u001b[31mreceived\u001b[39m\u001b[2m).\u001b[22mtoBe\u001b[2m(\u001b[22m\u001b[32mexpected\u001b[39m\u001b[2m) // Object.is equality\u001b[22m\n\nExpected: \u001b[32m400\u001b[39m\nReceived: \u001b[31m500\u001b[39m\n    at Object.toBe (D:\\finance-backend\\tests\\auth.test.js:43:28)\n    at processTicksAndRejections (node:internal/process/task_queues:105:5)"],"fullName":"Auth API Endpoints should fail validation if password is too short","invocations":1,"location":null,"numPassingAsserts":0,"retryReasons":[],"startAt":1775251531485,"status":"failed","title":"should fail validation if password is too short"},{"ancestorTitles":["Auth API Endpoints"],"duration":61,"failing":false,"failureDetails":[],"failureMessages":[],"fullName":"Auth API Endpoints should fail to register duplicate user","invocations":1,"location":null,"numPassingAsserts":2,"retryReasons":[],"startAt":1775251531508,"status":"passed","title":"should fail to register duplicate user"},{"ancestorTitles":["Auth API Endpoints"],"duration":130,"failing":false,"failureDetails":[],"failureMessages":[],"fullName":"Auth API Endpoints should successfully log in the user","invocations":1,"location":null,"numPassingAsserts":2,"retryReasons":[],"startAt":1775251531570,"status":"passed","title":"should successfully log in the user"}],"endTime":1775251531825,"message":"\u001b[1m\u001b[31m  \u001b[1m● \u001b[22m\u001b[1mAuth API Endpoints › should fail validation if password is too short\u001b[39m\u001b[22m\n\n    \u001b[2mexpect(\u001b[22m\u001b[31mreceived\u001b[39m\u001b[2m).\u001b[22mtoBe\u001b[2m(\u001b[22m\u001b[32mexpected\u001b[39m\u001b[2m) // Object.is equality\u001b[22m\n\n    Expected: \u001b[32m400\u001b[39m\n    Received: \u001b[31m500\u001b[39m\n\u001b[2m\u001b[22m\n\u001b[2m    \u001b[0m \u001b[90m 41 |\u001b[39m       })\u001b[33m;\u001b[39m\u001b[22m\n\u001b[2m     \u001b[90m 42 |\u001b[39m\u001b[22m\n\u001b[2m    \u001b[31m\u001b[1m>\u001b[22m\u001b[2m\u001b[39m\u001b[90m 43 |\u001b[39m     expect(res\u001b[33m.\u001b[39mstatusCode)\u001b[33m.\u001b[39mtoBe(\u001b[35m400\u001b[39m)\u001b[33m;\u001b[39m \u001b[90m// Bad Request from Zod\u001b[39m\u001b[22m\n\u001b[2m     \u001b[90m    |\u001b[39m                            \u001b[31m\u001b[1m^\u001b[22m\u001b[2m\u001b[39m\u001b[22m\n\u001b[2m     \u001b[90m 44 |\u001b[39m     expect(res\u001b[33m.\u001b[39mbody\u001b[33m.\u001b[39msuccess)\u001b[33m.\u001b[39mtoBe(\u001b[36mfalse\u001b[39m)\u001b[33m;\u001b[39m\u001b[22m\n\u001b[2m     \u001b[90m 45 |\u001b[39m   })\u001b[33m;\u001b[39m\u001b[22m\n\u001b[2m     \u001b[90m 46 |\u001b[39m\u001b[0m\u001b[22m\n\u001b[2m\u001b[22m\n\u001b[2m      \u001b[2mat Object.toBe (\u001b[22m\u001b[2m\u001b[0m\u001b[36mtests/auth.test.js\u001b[39m\u001b[0m\u001b[2m:43:28)\u001b[22m\u001b[2m\u001b[22m\n","name":"D:\\finance-backend\\tests\\auth.test.js","startTime":1775251529013,"status":"failed","summary":""},{"assertionResults":[{"ancestorTitles":["Finance RBAC API Endpoints"],"duration":16,"failing":false,"failureDetails":[],"failureMessages":[],"fullName":"Finance RBAC API Endpoints should deny a Viewer from creating a finance record","invocations":1,"location":null,"numPassingAsserts":3,"retryReasons":[],"startAt":1775251533908,"status":"passed","title":"should deny a Viewer from creating a finance record"},{"ancestorTitles":["Finance RBAC API Endpoints"],"duration":90,"failing":false,"failureDetails":[],"failureMessages":[],"fullName":"Finance RBAC API Endpoints should allow an Admin to create a finance record","invocations":1,"location":null,"numPassingAsserts":3,"retryReasons":[],"startAt":1775251533925,"status":"passed","title":"should allow an Admin to create a finance record"}],"endTime":1775251534171,"message":"","name":"D:\\finance-backend\\tests\\finance.test.js","startTime":1775251531848,"status":"passed","summary":""}],"wasInterrupted":false}
